<?xml version="1.0" encoding="UTF-8"?>
<testsuite name="rspec" tests="5" skipped="0" failures="4" errors="0" time="19.931510" timestamp="2023-06-27T08:23:57+09:00" hostname="5232c5bb08f1">
<properties>
<property name="seed" value="5769"/>
</properties>
<testcase classname="spec.system.reviews_spec" name="Reviews create when login success redirect product page and displayed review" file="./spec/system/reviews_spec.rb" time="5.990043"><failure message="element not interactable
  (Session info: headless chrome=113.0.5672.63)" type="Selenium::WebDriver::Error::ElementNotInteractableError">Failure/Error: find_by_id(&apos;review_rate&apos;, visible: false).set(&apos;1&apos;)

Selenium::WebDriver::Error::ElementNotInteractableError:
  element not interactable
    (Session info: headless chrome=113.0.5672.63)

[Screenshot Image]: /coffee-oma/tmp/capybara/failures_r_spec_example_groups_reviews_create_when_login_success_redirect_product_page_and_displayed_review_344.png


#0 0x55e84c7fb133 &lt;unknown&gt;
#1 0x55e84c52f7f0 &lt;unknown&gt;
#2 0x55e84c56679c &lt;unknown&gt;
#3 0x55e84c565d7a &lt;unknown&gt;
#4 0x55e84c58bbd2 &lt;unknown&gt;
#5 0x55e84c561d13 &lt;unknown&gt;
#6 0x55e84c58bd9e &lt;unknown&gt;
#7 0x55e84c5a41c7 &lt;unknown&gt;
#8 0x55e84c58b9a3 &lt;unknown&gt;
#9 0x55e84c56046a &lt;unknown&gt;
#10 0x55e84c56155e &lt;unknown&gt;
#11 0x55e84c7bacae &lt;unknown&gt;
#12 0x55e84c7be8fe &lt;unknown&gt;
#13 0x55e84c7c7f20 &lt;unknown&gt;
#14 0x55e84c7bf923 &lt;unknown&gt;
#15 0x55e84c792c0e &lt;unknown&gt;
#16 0x55e84c7e2b08 &lt;unknown&gt;
#17 0x55e84c7e2c97 &lt;unknown&gt;
#18 0x55e84c7f3113 &lt;unknown&gt;
#19 0x7f4c20122609 start_thread
/usr/local/bundle/gems/selenium-webdriver-4.9.0/lib/selenium/webdriver/remote/response.rb:55:in `assert_ok&apos;
/usr/local/bundle/gems/selenium-webdriver-4.9.0/lib/selenium/webdriver/remote/response.rb:34:in `initialize&apos;
/usr/local/bundle/gems/selenium-webdriver-4.9.0/lib/selenium/webdriver/remote/http/common.rb:83:in `new&apos;
/usr/local/bundle/gems/selenium-webdriver-4.9.0/lib/selenium/webdriver/remote/http/common.rb:83:in `create_response&apos;
/usr/local/bundle/gems/selenium-webdriver-4.9.0/lib/selenium/webdriver/remote/http/default.rb:104:in `request&apos;
/usr/local/bundle/gems/selenium-webdriver-4.9.0/lib/selenium/webdriver/remote/http/common.rb:59:in `call&apos;
/usr/local/bundle/gems/selenium-webdriver-4.9.0/lib/selenium/webdriver/remote/bridge.rb:619:in `execute&apos;
/usr/local/bundle/gems/selenium-webdriver-4.9.0/lib/selenium/webdriver/remote/bridge.rb:405:in `send_keys_to_element&apos;
/usr/local/bundle/gems/selenium-webdriver-4.9.0/lib/selenium/webdriver/common/element.rb:208:in `send_keys&apos;
/usr/local/bundle/gems/capybara-3.39.0/lib/capybara/selenium/node.rb:156:in `send_keys&apos;
/usr/local/bundle/gems/capybara-3.39.0/lib/capybara/selenium/nodes/chrome_node.rb:89:in `block in send_keys&apos;
/usr/local/bundle/gems/capybara-3.39.0/lib/capybara/selenium/nodes/chrome_node.rb:78:in `&lt;&lt;&apos;
/usr/local/bundle/gems/capybara-3.39.0/lib/capybara/selenium/nodes/chrome_node.rb:78:in `each&apos;
/usr/local/bundle/gems/capybara-3.39.0/lib/capybara/selenium/nodes/chrome_node.rb:78:in `each&apos;
/usr/local/bundle/gems/capybara-3.39.0/lib/capybara/selenium/nodes/chrome_node.rb:78:in `send_keys&apos;
/usr/local/bundle/gems/capybara-3.39.0/lib/capybara/selenium/node.rb:294:in `set_text&apos;
/usr/local/bundle/gems/capybara-3.39.0/lib/capybara/selenium/nodes/chrome_node.rb:11:in `set_text&apos;
/usr/local/bundle/gems/capybara-3.39.0/lib/capybara/selenium/node.rb:87:in `set&apos;
/usr/local/bundle/gems/capybara-3.39.0/lib/capybara/node/element.rb:123:in `block in set&apos;
/usr/local/bundle/gems/capybara-3.39.0/lib/capybara/node/base.rb:84:in `synchronize&apos;
/usr/local/bundle/gems/capybara-3.39.0/lib/capybara/node/element.rb:123:in `set&apos;
./spec/system/reviews_spec.rb:19:in `block (5 levels) in &lt;top (required)&gt;&apos;</failure></testcase>
<testcase classname="spec.system.reviews_spec" name="Reviews create when login failure has blank title" file="./spec/system/reviews_spec.rb" time="4.409188"><failure message="element not interactable
  (Session info: headless chrome=113.0.5672.63)" type="Selenium::WebDriver::Error::ElementNotInteractableError">Failure/Error: find_by_id(&apos;review_rate&apos;, visible: false).set(&apos;1&apos;)

Selenium::WebDriver::Error::ElementNotInteractableError:
  element not interactable
    (Session info: headless chrome=113.0.5672.63)

[Screenshot Image]: /coffee-oma/tmp/capybara/failures_r_spec_example_groups_reviews_create_when_login_failure_has_blank_title_113.png


#0 0x55e84c7fb133 &lt;unknown&gt;
#1 0x55e84c52f7f0 &lt;unknown&gt;
#2 0x55e84c56679c &lt;unknown&gt;
#3 0x55e84c565d7a &lt;unknown&gt;
#4 0x55e84c58bbd2 &lt;unknown&gt;
#5 0x55e84c561d13 &lt;unknown&gt;
#6 0x55e84c58bd9e &lt;unknown&gt;
#7 0x55e84c5a41c7 &lt;unknown&gt;
#8 0x55e84c58b9a3 &lt;unknown&gt;
#9 0x55e84c56046a &lt;unknown&gt;
#10 0x55e84c56155e &lt;unknown&gt;
#11 0x55e84c7bacae &lt;unknown&gt;
#12 0x55e84c7be8fe &lt;unknown&gt;
#13 0x55e84c7c7f20 &lt;unknown&gt;
#14 0x55e84c7bf923 &lt;unknown&gt;
#15 0x55e84c792c0e &lt;unknown&gt;
#16 0x55e84c7e2b08 &lt;unknown&gt;
#17 0x55e84c7e2c97 &lt;unknown&gt;
#18 0x55e84c7f3113 &lt;unknown&gt;
#19 0x7f4c20122609 start_thread
/usr/local/bundle/gems/selenium-webdriver-4.9.0/lib/selenium/webdriver/remote/response.rb:55:in `assert_ok&apos;
/usr/local/bundle/gems/selenium-webdriver-4.9.0/lib/selenium/webdriver/remote/response.rb:34:in `initialize&apos;
/usr/local/bundle/gems/selenium-webdriver-4.9.0/lib/selenium/webdriver/remote/http/common.rb:83:in `new&apos;
/usr/local/bundle/gems/selenium-webdriver-4.9.0/lib/selenium/webdriver/remote/http/common.rb:83:in `create_response&apos;
/usr/local/bundle/gems/selenium-webdriver-4.9.0/lib/selenium/webdriver/remote/http/default.rb:104:in `request&apos;
/usr/local/bundle/gems/selenium-webdriver-4.9.0/lib/selenium/webdriver/remote/http/common.rb:59:in `call&apos;
/usr/local/bundle/gems/selenium-webdriver-4.9.0/lib/selenium/webdriver/remote/bridge.rb:619:in `execute&apos;
/usr/local/bundle/gems/selenium-webdriver-4.9.0/lib/selenium/webdriver/remote/bridge.rb:405:in `send_keys_to_element&apos;
/usr/local/bundle/gems/selenium-webdriver-4.9.0/lib/selenium/webdriver/common/element.rb:208:in `send_keys&apos;
/usr/local/bundle/gems/capybara-3.39.0/lib/capybara/selenium/node.rb:156:in `send_keys&apos;
/usr/local/bundle/gems/capybara-3.39.0/lib/capybara/selenium/nodes/chrome_node.rb:89:in `block in send_keys&apos;
/usr/local/bundle/gems/capybara-3.39.0/lib/capybara/selenium/nodes/chrome_node.rb:78:in `&lt;&lt;&apos;
/usr/local/bundle/gems/capybara-3.39.0/lib/capybara/selenium/nodes/chrome_node.rb:78:in `each&apos;
/usr/local/bundle/gems/capybara-3.39.0/lib/capybara/selenium/nodes/chrome_node.rb:78:in `each&apos;
/usr/local/bundle/gems/capybara-3.39.0/lib/capybara/selenium/nodes/chrome_node.rb:78:in `send_keys&apos;
/usr/local/bundle/gems/capybara-3.39.0/lib/capybara/selenium/node.rb:294:in `set_text&apos;
/usr/local/bundle/gems/capybara-3.39.0/lib/capybara/selenium/nodes/chrome_node.rb:11:in `set_text&apos;
/usr/local/bundle/gems/capybara-3.39.0/lib/capybara/selenium/node.rb:87:in `set&apos;
/usr/local/bundle/gems/capybara-3.39.0/lib/capybara/node/element.rb:123:in `block in set&apos;
/usr/local/bundle/gems/capybara-3.39.0/lib/capybara/node/base.rb:84:in `synchronize&apos;
/usr/local/bundle/gems/capybara-3.39.0/lib/capybara/node/element.rb:123:in `set&apos;
./spec/system/reviews_spec.rb:32:in `block (5 levels) in &lt;top (required)&gt;&apos;</failure></testcase>
<testcase classname="spec.system.reviews_spec" name="Reviews create when login failure has blank content" file="./spec/system/reviews_spec.rb" time="4.342697"><failure message="element not interactable
  (Session info: headless chrome=113.0.5672.63)" type="Selenium::WebDriver::Error::ElementNotInteractableError">Failure/Error: find_by_id(&apos;review_rate&apos;, visible: false).set(&apos;1&apos;)

Selenium::WebDriver::Error::ElementNotInteractableError:
  element not interactable
    (Session info: headless chrome=113.0.5672.63)

[Screenshot Image]: /coffee-oma/tmp/capybara/failures_r_spec_example_groups_reviews_create_when_login_failure_has_blank_content_925.png


#0 0x55e84c7fb133 &lt;unknown&gt;
#1 0x55e84c52f7f0 &lt;unknown&gt;
#2 0x55e84c56679c &lt;unknown&gt;
#3 0x55e84c565d7a &lt;unknown&gt;
#4 0x55e84c58bbd2 &lt;unknown&gt;
#5 0x55e84c561d13 &lt;unknown&gt;
#6 0x55e84c58bd9e &lt;unknown&gt;
#7 0x55e84c5a41c7 &lt;unknown&gt;
#8 0x55e84c58b9a3 &lt;unknown&gt;
#9 0x55e84c56046a &lt;unknown&gt;
#10 0x55e84c56155e &lt;unknown&gt;
#11 0x55e84c7bacae &lt;unknown&gt;
#12 0x55e84c7be8fe &lt;unknown&gt;
#13 0x55e84c7c7f20 &lt;unknown&gt;
#14 0x55e84c7bf923 &lt;unknown&gt;
#15 0x55e84c792c0e &lt;unknown&gt;
#16 0x55e84c7e2b08 &lt;unknown&gt;
#17 0x55e84c7e2c97 &lt;unknown&gt;
#18 0x55e84c7f3113 &lt;unknown&gt;
#19 0x7f4c20122609 start_thread
/usr/local/bundle/gems/selenium-webdriver-4.9.0/lib/selenium/webdriver/remote/response.rb:55:in `assert_ok&apos;
/usr/local/bundle/gems/selenium-webdriver-4.9.0/lib/selenium/webdriver/remote/response.rb:34:in `initialize&apos;
/usr/local/bundle/gems/selenium-webdriver-4.9.0/lib/selenium/webdriver/remote/http/common.rb:83:in `new&apos;
/usr/local/bundle/gems/selenium-webdriver-4.9.0/lib/selenium/webdriver/remote/http/common.rb:83:in `create_response&apos;
/usr/local/bundle/gems/selenium-webdriver-4.9.0/lib/selenium/webdriver/remote/http/default.rb:104:in `request&apos;
/usr/local/bundle/gems/selenium-webdriver-4.9.0/lib/selenium/webdriver/remote/http/common.rb:59:in `call&apos;
/usr/local/bundle/gems/selenium-webdriver-4.9.0/lib/selenium/webdriver/remote/bridge.rb:619:in `execute&apos;
/usr/local/bundle/gems/selenium-webdriver-4.9.0/lib/selenium/webdriver/remote/bridge.rb:405:in `send_keys_to_element&apos;
/usr/local/bundle/gems/selenium-webdriver-4.9.0/lib/selenium/webdriver/common/element.rb:208:in `send_keys&apos;
/usr/local/bundle/gems/capybara-3.39.0/lib/capybara/selenium/node.rb:156:in `send_keys&apos;
/usr/local/bundle/gems/capybara-3.39.0/lib/capybara/selenium/nodes/chrome_node.rb:89:in `block in send_keys&apos;
/usr/local/bundle/gems/capybara-3.39.0/lib/capybara/selenium/nodes/chrome_node.rb:78:in `&lt;&lt;&apos;
/usr/local/bundle/gems/capybara-3.39.0/lib/capybara/selenium/nodes/chrome_node.rb:78:in `each&apos;
/usr/local/bundle/gems/capybara-3.39.0/lib/capybara/selenium/nodes/chrome_node.rb:78:in `each&apos;
/usr/local/bundle/gems/capybara-3.39.0/lib/capybara/selenium/nodes/chrome_node.rb:78:in `send_keys&apos;
/usr/local/bundle/gems/capybara-3.39.0/lib/capybara/selenium/node.rb:294:in `set_text&apos;
/usr/local/bundle/gems/capybara-3.39.0/lib/capybara/selenium/nodes/chrome_node.rb:11:in `set_text&apos;
/usr/local/bundle/gems/capybara-3.39.0/lib/capybara/selenium/node.rb:87:in `set&apos;
/usr/local/bundle/gems/capybara-3.39.0/lib/capybara/node/element.rb:123:in `block in set&apos;
/usr/local/bundle/gems/capybara-3.39.0/lib/capybara/node/base.rb:84:in `synchronize&apos;
/usr/local/bundle/gems/capybara-3.39.0/lib/capybara/node/element.rb:123:in `set&apos;
./spec/system/reviews_spec.rb:40:in `block (5 levels) in &lt;top (required)&gt;&apos;</failure></testcase>
<testcase classname="spec.system.reviews_spec" name="Reviews create when login failure has blank rate" file="./spec/system/reviews_spec.rb" time="4.339564"><failure message="expected to find text &quot;レビューの登録に失敗しました&quot; in &quot;アイテム一覧\nランキング\nブランド一覧\nユーザー\n\n\nHome &gt; アイテム一覧 &gt; コーヒーの器具の名前\nアイテムの詳細\nコーヒーの器具の名前\n価格 1,000\nブランド なし\n評価 評価はまだありません\nタグ\nコーヒー (1)\nタグを編集\n商品を詳しく見る 0\n商品の説明文\nitemの説明文が入ります\nユーザーレビュー\nこのアイテムに寄せられたレビューはまだありません。\nレビューの投稿\nタイトル\n評価\nレビュー内容\nThis fieldが入力されていません。\n投稿\n\nトップページ\nプライベートポリシー\n利用規約\nお問い合わせ\nアイテムの一覧を見る\nアイテムを登録する&quot;" type="RSpec::Expectations::ExpectationNotMetError">Failure/Error: expect(page).to have_content &apos;レビューの登録に失敗しました&apos;
  expected to find text &quot;レビューの登録に失敗しました&quot; in &quot;アイテム一覧\nランキング\nブランド一覧\nユーザー\n\n\nHome &gt; アイテム一覧 &gt; コーヒーの器具の名前\nアイテムの詳細\nコーヒーの器具の名前\n価格 1,000\nブランド なし\n評価 評価はまだありません\nタグ\nコーヒー (1)\nタグを編集\n商品を詳しく見る 0\n商品の説明文\nitemの説明文が入ります\nユーザーレビュー\nこのアイテムに寄せられたレビューはまだありません。\nレビューの投稿\nタイトル\n評価\nレビュー内容\nThis fieldが入力されていません。\n投稿\n\nトップページ\nプライベートポリシー\n利用規約\nお問い合わせ\nアイテムの一覧を見る\nアイテムを登録する&quot;

[Screenshot Image]: /coffee-oma/tmp/capybara/failures_r_spec_example_groups_reviews_create_when_login_failure_has_blank_rate_588.png


./spec/system/reviews_spec.rb:49:in `block (5 levels) in &lt;top (required)&gt;&apos;</failure></testcase>
<testcase classname="spec.system.reviews_spec" name="Reviews create when not login is not render review_form" file="./spec/system/reviews_spec.rb" time="0.828395"></testcase>
</testsuite>
